C:\USERS\AJAYVEER SINGH AUJLA\DESKTOP\SPACE-SHOOTER-5000\FRAMEWORK\BUILD\DEBUG\ANIMATION.OBJ
C:\USERS\AJAYVEER SINGH AUJLA\DESKTOP\SPACE-SHOOTER-5000\FRAMEWORK\BUILD\DEBUG\BILLBOARD.OBJ
C:\USERS\AJAYVEER SINGH AUJLA\DESKTOP\SPACE-SHOOTER-5000\FRAMEWORK\BUILD\DEBUG\CAMERA.OBJ
C:\USERS\AJAYVEER SINGH AUJLA\DESKTOP\SPACE-SHOOTER-5000\FRAMEWORK\BUILD\DEBUG\FIRSTPERSONCAMERA.OBJ
C:\USERS\AJAYVEER SINGH AUJLA\DESKTOP\SPACE-SHOOTER-5000\FRAMEWORK\BUILD\DEBUG\PARTICLEDESCRIPTOR.OBJ
C:\USERS\AJAYVEER SINGH AUJLA\DESKTOP\SPACE-SHOOTER-5000\FRAMEWORK\BUILD\DEBUG\PARTICLEEMITTER.OBJ
C:\USERS\AJAYVEER SINGH AUJLA\DESKTOP\SPACE-SHOOTER-5000\FRAMEWORK\BUILD\DEBUG\PARTICLESYSTEM.OBJ
C:\USERS\AJAYVEER SINGH AUJLA\DESKTOP\SPACE-SHOOTER-5000\FRAMEWORK\BUILD\DEBUG\SPHEREMODEL.OBJ
C:\USERS\AJAYVEER SINGH AUJLA\DESKTOP\SPACE-SHOOTER-5000\FRAMEWORK\BUILD\DEBUG\STATICCAMERA.OBJ
C:\USERS\AJAYVEER SINGH AUJLA\DESKTOP\SPACE-SHOOTER-5000\FRAMEWORK\BUILD\DEBUG\EVENTMANAGER.OBJ
C:\USERS\AJAYVEER SINGH AUJLA\DESKTOP\SPACE-SHOOTER-5000\FRAMEWORK\BUILD\DEBUG\MAIN.OBJ
C:\USERS\AJAYVEER SINGH AUJLA\DESKTOP\SPACE-SHOOTER-5000\FRAMEWORK\BUILD\DEBUG\MODEL.OBJ
C:\USERS\AJAYVEER SINGH AUJLA\DESKTOP\SPACE-SHOOTER-5000\FRAMEWORK\BUILD\DEBUG\CUBEMODEL.OBJ
C:\USERS\AJAYVEER SINGH AUJLA\DESKTOP\SPACE-SHOOTER-5000\FRAMEWORK\BUILD\DEBUG\RENDERER.OBJ
C:\USERS\AJAYVEER SINGH AUJLA\DESKTOP\SPACE-SHOOTER-5000\FRAMEWORK\BUILD\DEBUG\TEXTURELOADER.OBJ
C:\USERS\AJAYVEER SINGH AUJLA\DESKTOP\SPACE-SHOOTER-5000\FRAMEWORK\BUILD\DEBUG\THIRDPERSONCAMERA.OBJ
C:\USERS\AJAYVEER SINGH AUJLA\DESKTOP\SPACE-SHOOTER-5000\FRAMEWORK\BUILD\DEBUG\WORLD.OBJ
C:\USERS\AJAYVEER SINGH AUJLA\DESKTOP\SPACE-SHOOTER-5000\FRAMEWORK\BUILD\DEBUG\VC110.PDB
C:\USERS\AJAYVEER SINGH AUJLA\DESKTOP\SPACE-SHOOTER-5000\FRAMEWORK\BIN\ASSIGNMENT1-DEBUG.ILK
C:\USERS\AJAYVEER SINGH AUJLA\DESKTOP\SPACE-SHOOTER-5000\FRAMEWORK\BIN\ASSIGNMENT1-DEBUG.EXE
C:\USERS\AJAYVEER SINGH AUJLA\DESKTOP\SPACE-SHOOTER-5000\FRAMEWORK\BIN\ASSIGNMENT1-DEBUG.PDB
C:\Users\Ajayveer Singh Aujla\Desktop\Space-Shooter-5000\Framework\Build\Debug\Animation.obj
C:\Users\Ajayveer Singh Aujla\Desktop\Space-Shooter-5000\Framework\Build\Debug\Billboard.obj
C:\Users\Ajayveer Singh Aujla\Desktop\Space-Shooter-5000\Framework\Build\Debug\Camera.obj
C:\Users\Ajayveer Singh Aujla\Desktop\Space-Shooter-5000\Framework\Build\Debug\CubeModel.obj
C:\Users\Ajayveer Singh Aujla\Desktop\Space-Shooter-5000\Framework\Build\Debug\EventManager.obj
C:\Users\Ajayveer Singh Aujla\Desktop\Space-Shooter-5000\Framework\Build\Debug\FirstPersonCamera.obj
C:\Users\Ajayveer Singh Aujla\Desktop\Space-Shooter-5000\Framework\Build\Debug\main.obj
C:\Users\Ajayveer Singh Aujla\Desktop\Space-Shooter-5000\Framework\Build\Debug\Model.obj
C:\Users\Ajayveer Singh Aujla\Desktop\Space-Shooter-5000\Framework\Build\Debug\ParticleDescriptor.obj
C:\Users\Ajayveer Singh Aujla\Desktop\Space-Shooter-5000\Framework\Build\Debug\ParticleEmitter.obj
C:\Users\Ajayveer Singh Aujla\Desktop\Space-Shooter-5000\Framework\Build\Debug\ParticleSystem.obj
C:\Users\Ajayveer Singh Aujla\Desktop\Space-Shooter-5000\Framework\Build\Debug\Renderer.obj
C:\Users\Ajayveer Singh Aujla\Desktop\Space-Shooter-5000\Framework\Build\Debug\SphereModel.obj
C:\Users\Ajayveer Singh Aujla\Desktop\Space-Shooter-5000\Framework\Build\Debug\StaticCamera.obj
C:\Users\Ajayveer Singh Aujla\Desktop\Space-Shooter-5000\Framework\Build\Debug\TextureLoader.obj
C:\Users\Ajayveer Singh Aujla\Desktop\Space-Shooter-5000\Framework\Build\Debug\ThirdPersonCamera.obj
C:\Users\Ajayveer Singh Aujla\Desktop\Space-Shooter-5000\Framework\Build\Debug\World.obj
C:\Users\Ajayveer Singh Aujla\Desktop\Space-Shooter-5000\Framework\Build\Debug\cl.command.1.tlog
C:\Users\Ajayveer Singh Aujla\Desktop\Space-Shooter-5000\Framework\Build\Debug\CL.read.1.tlog
C:\Users\Ajayveer Singh Aujla\Desktop\Space-Shooter-5000\Framework\Build\Debug\CL.write.1.tlog
C:\Users\Ajayveer Singh Aujla\Desktop\Space-Shooter-5000\Framework\Build\Debug\link-cvtres.read.1.tlog
C:\Users\Ajayveer Singh Aujla\Desktop\Space-Shooter-5000\Framework\Build\Debug\link-cvtres.write.1.tlog
C:\Users\Ajayveer Singh Aujla\Desktop\Space-Shooter-5000\Framework\Build\Debug\link-rc.read.1.tlog
C:\Users\Ajayveer Singh Aujla\Desktop\Space-Shooter-5000\Framework\Build\Debug\link-rc.write.1.tlog
C:\Users\Ajayveer Singh Aujla\Desktop\Space-Shooter-5000\Framework\Build\Debug\link.command.1.tlog
C:\Users\Ajayveer Singh Aujla\Desktop\Space-Shooter-5000\Framework\Build\Debug\link.read.1.tlog
C:\Users\Ajayveer Singh Aujla\Desktop\Space-Shooter-5000\Framework\Build\Debug\link.write.1.tlog
C:\Users\Ajayveer Singh Aujla\Desktop\Space-Shooter-5000\Framework\Build\Debug\vc110.idb
C:\Users\Ajayveer Singh Aujla\Desktop\Space-Shooter-5000\Framework\Build\Debug\vc110.pdb
C:\Users\Ajayveer Singh Aujla\Desktop\Space-Shooter-5000\Framework\VS2012\/../Bin/Assignment1-Debug.pdb
C:\Users\Ajayveer Singh Aujla\Desktop\Space-Shooter-5000\Framework\VS2012\/../Bin/Assignment1-Debug.exe
C:\Users\Ajayveer Singh Aujla\Desktop\Space-Shooter-5000\Framework\VS2012\/../Bin/Assignment1-Debug.ilk
