Build started 29/07/2015 2:51:28 AM.
     1>Project "C:\Users\Simon\Desktop\courses\Summer 2015\Comp 371 Concordia\Assignment 2\Framework\VS2013\Assignment1.vcxproj" on node 2 (Build target(s)).
     1>C:\Program Files (x86)\MSBuild\Microsoft.Cpp\v4.0\V120\Microsoft.CppBuild.targets(388,5): warning MSB8028: The intermediate directory (C:\Users\Simon\Desktop\courses\Summer 2015\Comp 371 Concordia\Assignment 2\Framework\VS2013\/../Build/Debug/) contains files shared from another project (Assignment1.vcxproj).  This can lead to incorrect clean and rebuild behavior.
     1>ClCompile:
         C:\Program Files (x86)\Microsoft Visual Studio 12.0\VC\bin\CL.exe /c /I"../ThirdParty/glew-1.10.0/include" /I"../ThirdParty/FreeImage-3170/Source" /I"../ThirdParty/glfw-3.0.4/include" /I../ThirdParty/glm /ZI /nologo /W3 /WX- /Od /Oy- /D WIN32 /D _DEBUG /D _CONSOLE /D _UNICODE /D UNICODE /Gm /EHsc /RTC1 /MDd /GS /fp:precise /Zc:wchar_t /Zc:forScope /Fo"C:\Users\Simon\Desktop\courses\Summer 2015\Comp 371 Concordia\Assignment 2\Framework\VS2013\/../Build/Debug/" /Fd"C:\Users\Simon\Desktop\courses\Summer 2015\Comp 371 Concordia\Assignment 2\Framework\VS2013\/../Build/Debug/vc120.pdb" /Gd /TP /analyze- /errorReport:prompt ..\Source\Renderer.cpp ..\Source\StaticCamera.cpp ..\Source\TextureLoader.cpp ..\Source\ThirdPersonCamera.cpp
         ThirdPersonCamera.cpp
         Generating Code...
         Skipping... (no relevant changes detected)
         TextureLoader.cpp
         StaticCamera.cpp
         Renderer.cpp
       Link:
         C:\Program Files (x86)\Microsoft Visual Studio 12.0\VC\bin\link.exe /ERRORREPORT:PROMPT /OUT:"C:\Users\Simon\Desktop\courses\Summer 2015\Comp 371 Concordia\Assignment 2\Framework\VS2013\/../Bin/Assignment2-Debug.exe" /INCREMENTAL /NOLOGO /LIBPATH:"../ThirdParty/FreeImage-3170/lib/win32" /LIBPATH:"../ThirdParty/glew-1.10.0/lib/Release/Win32" /LIBPATH:"../ThirdParty/glfw-3.0.4/lib/Win32/lib-msvc110" FreeImage.lib opengl32.lib glew32s.lib glfw3.lib kernel32.lib user32.lib gdi32.lib winspool.lib comdlg32.lib advapi32.lib shell32.lib ole32.lib oleaut32.lib uuid.lib odbc32.lib odbccp32.lib kernel32.lib user32.lib gdi32.lib winspool.lib comdlg32.lib advapi32.lib shell32.lib ole32.lib oleaut32.lib uuid.lib odbc32.lib odbccp32.lib /MANIFEST /MANIFESTUAC:"level='asInvoker' uiAccess='false'" /manifest:embed /DEBUG /PDB:"C:\Users\Simon\Desktop\courses\Summer 2015\Comp 371 Concordia\Assignment 2\Framework\VS2013\/../Bin/Assignment2-Debug.pdb" /SUBSYSTEM:CONSOLE /TLBID:1 /DYNAMICBASE /NXCOMPAT /IMPLIB:"C:\Users\Simon\Desktop\courses\Summer 2015\Comp 371 Concordia\Assignment 2\Framework\VS2013\/../Bin/Assignment2-Debug.lib" /MACHINE:X86 "C:\Users\Simon\Desktop\courses\Summer 2015\Comp 371 Concordia\Assignment 2\Framework\VS2013\/../Build/Debug/Animation.obj"
         "C:\Users\Simon\Desktop\courses\Summer 2015\Comp 371 Concordia\Assignment 2\Framework\VS2013\/../Build/Debug/Billboard.obj"
         "C:\Users\Simon\Desktop\courses\Summer 2015\Comp 371 Concordia\Assignment 2\Framework\VS2013\/../Build/Debug/Camera.obj"
         "C:\Users\Simon\Desktop\courses\Summer 2015\Comp 371 Concordia\Assignment 2\Framework\VS2013\/../Build/Debug/CubeModel.obj"
         "C:\Users\Simon\Desktop\courses\Summer 2015\Comp 371 Concordia\Assignment 2\Framework\VS2013\/../Build/Debug/EventManager.obj"
         "C:\Users\Simon\Desktop\courses\Summer 2015\Comp 371 Concordia\Assignment 2\Framework\VS2013\/../Build/Debug/ThirdPersonCamera.obj"
         "C:\Users\Simon\Desktop\courses\Summer 2015\Comp 371 Concordia\Assignment 2\Framework\VS2013\/../Build/Debug/FirstPersonCamera.obj"
         "C:\Users\Simon\Desktop\courses\Summer 2015\Comp 371 Concordia\Assignment 2\Framework\VS2013\/../Build/Debug/main.obj"
         "C:\Users\Simon\Desktop\courses\Summer 2015\Comp 371 Concordia\Assignment 2\Framework\VS2013\/../Build/Debug/Model.obj"
         "C:\Users\Simon\Desktop\courses\Summer 2015\Comp 371 Concordia\Assignment 2\Framework\VS2013\/../Build/Debug/ParticleDescriptor.obj"
         "C:\Users\Simon\Desktop\courses\Summer 2015\Comp 371 Concordia\Assignment 2\Framework\VS2013\/../Build/Debug/ParticleEmitter.obj"
         "C:\Users\Simon\Desktop\courses\Summer 2015\Comp 371 Concordia\Assignment 2\Framework\VS2013\/../Build/Debug/ParticleSystem.obj"
         "C:\Users\Simon\Desktop\courses\Summer 2015\Comp 371 Concordia\Assignment 2\Framework\VS2013\/../Build/Debug/Renderer.obj"
         "C:\Users\Simon\Desktop\courses\Summer 2015\Comp 371 Concordia\Assignment 2\Framework\VS2013\/../Build/Debug/SphereModel.obj"
         "C:\Users\Simon\Desktop\courses\Summer 2015\Comp 371 Concordia\Assignment 2\Framework\VS2013\/../Build/Debug/StaticCamera.obj"
         "C:\Users\Simon\Desktop\courses\Summer 2015\Comp 371 Concordia\Assignment 2\Framework\VS2013\/../Build/Debug/TextureLoader.obj"
         "C:\Users\Simon\Desktop\courses\Summer 2015\Comp 371 Concordia\Assignment 2\Framework\VS2013\/../Build/Debug/World.obj"
         Assignment1.vcxproj -> C:\Users\Simon\Desktop\courses\Summer 2015\Comp 371 Concordia\Assignment 2\Framework\VS2013\/../Bin/Assignment2-Debug.exe
     1>Done Building Project "C:\Users\Simon\Desktop\courses\Summer 2015\Comp 371 Concordia\Assignment 2\Framework\VS2013\Assignment1.vcxproj" (Build target(s)).

Build succeeded.

Time Elapsed 00:00:01.43
